**** Debug log started: Wed Jan 07 17:27:56 ICT 2015 ****
% Storage System: v1 file storage mode.
% Internal Data Cache size:          4194304
% Internal Data Cache max cell size: 8192
% lookup_comparison_list = false
% read_only = false
% transaction_error_on_dirty_select = true
% ignore_case_for_identifiers = false
% Java NIO API is available.
% io_safety_level = 10
% Using stardard IO API for heap buffered file access.
% [Buffer Manager] Using IO API: Java IO
% [Buffer Manager] Page Size: 8192
% [Buffer Manager] Max pages: 256
% Using regex bridge: java.util.regexp
% No 'function_factories' config property found.
% statement_cache = true
% Max worker threads set to: 4
% Starting Database Server
**** Debug log started: Wed Jan 07 17:28:57 ICT 2015 ****
% Storage System: v1 file storage mode.
% Internal Data Cache size:          4194304
% Internal Data Cache max cell size: 8192
% lookup_comparison_list = false
% read_only = false
% transaction_error_on_dirty_select = true
% ignore_case_for_identifiers = false
% Java NIO API is available.
% io_safety_level = 10
% Using stardard IO API for heap buffered file access.
% [Buffer Manager] Using IO API: Java IO
% [Buffer Manager] Page Size: 8192
% [Buffer Manager] Max pages: 256
% Using regex bridge: java.util.regexp
% No 'function_factories' config property found.
% statement_cache = true
% Max worker threads set to: 4
% Starting Database Server
**** Debug log started: Wed Jan 07 17:30:20 ICT 2015 ****
% Storage System: v1 file storage mode.
% Internal Data Cache size:          4194304
% Internal Data Cache max cell size: 8192
% lookup_comparison_list = false
% read_only = false
% transaction_error_on_dirty_select = true
% ignore_case_for_identifiers = false
% Java NIO API is available.
% io_safety_level = 10
% Using stardard IO API for heap buffered file access.
% [Buffer Manager] Using IO API: Java IO
% [Buffer Manager] Page Size: 8192
% [Buffer Manager] Max pages: 256
% Using regex bridge: java.util.regexp
% No 'function_factories' config property found.
% statement_cache = true
% Max worker threads set to: 4
% Starting Database Server
[ TIME: Wed Jan 07 17:30:20 ICT 2015 ]
% java.io.IOException: Conglomerate already exists: DefaultDatabase
	at com.mckoi.database.TableDataConglomerate.minimalCreate(TableDataConglomerate.java:1014)
	at com.mckoi.database.TableDataConglomerate.create(TableDataConglomerate.java:1055)
	at com.mckoi.database.Database.create(Database.java:1696)
	at com.mckoi.database.control.DBController.createDatabase(DBController.java:96)
	at com.mckoi.runtime.McKoiDBMain.doCreate(McKoiDBMain.java:114)
	at com.mckoi.runtime.McKoiDBMain.main(McKoiDBMain.java:287)
**** Debug log started: Wed Jan 07 17:32:18 ICT 2015 ****
% Storage System: v1 file storage mode.
% Internal Data Cache size:          4194304
% Internal Data Cache max cell size: 8192
% lookup_comparison_list = false
% read_only = false
% transaction_error_on_dirty_select = true
% ignore_case_for_identifiers = false
% Java NIO API is available.
% io_safety_level = 10
% Using stardard IO API for heap buffered file access.
% [Buffer Manager] Using IO API: Java IO
% [Buffer Manager] Page Size: 8192
% [Buffer Manager] Max pages: 256
% Using regex bridge: java.util.regexp
% No 'function_factories' config property found.
% statement_cache = true
% Max worker threads set to: 4
% Starting Database Server
> com.mckoi.database.V1FileStoreSystem ( lvl: 20 )
  File lock file exists: .\data\DefaultDatabase.lock
> com.mckoi.database.jdbcserver.JDBCDatabaseInterface ( lvl: 20 )
  Exception thrown during query processing on: [ Query:
[ create table pengguna (
	username string(50) not null,
	pass string (50),
	admin boolean,
	constraint pk_user primary key(username)
)
 ]

]
[ TIME: Wed Jan 07 17:36:18 ICT 2015 ]
% com.mckoi.database.DatabaseException: Table 'APP.pengguna' already exists.
	at com.mckoi.database.interpret.CreateTable.evaluate(CreateTable.java:391)
	at com.mckoi.database.interpret.SQLQueryExecutor.execute(SQLQueryExecutor.java:147)
	at com.mckoi.database.jdbcserver.AbstractJDBCDatabaseInterface.execQuery(AbstractJDBCDatabaseInterface.java:461)
	at com.mckoi.database.jdbcserver.JDBCDatabaseInterface.execQuery(JDBCDatabaseInterface.java:251)
	at com.mckoi.database.jdbcserver.JDBCProcessor.queryCommand(JDBCProcessor.java:352)
	at com.mckoi.database.jdbcserver.JDBCProcessor.processQuery(JDBCProcessor.java:293)
	at com.mckoi.database.jdbcserver.JDBCProcessor.processJDBCCommand(JDBCProcessor.java:196)
	at com.mckoi.database.jdbcserver.StreamJDBCServerConnection.processRequest(StreamJDBCServerConnection.java:137)
	at com.mckoi.database.jdbcserver.MultiThreadedConnectionPoolServer$ClientThread$1.run(MultiThreadedConnectionPoolServer.java:171)
	at com.mckoi.database.WorkerThread.run(WorkerThread.java:123)
> com.mckoi.database.jdbcserver.JDBCDatabaseInterface ( lvl: 20 )
  Exception thrown during query processing on: [ Query:
[ create table supplier (
	idsupplier string (10) not null,
	nama string (50),
	constraint pk_suppliers primary key(idsupplier)
)
 ]

]
[ TIME: Wed Jan 07 17:36:28 ICT 2015 ]
% com.mckoi.database.DatabaseException: Table 'APP.supplier' already exists.
	at com.mckoi.database.interpret.CreateTable.evaluate(CreateTable.java:391)
	at com.mckoi.database.interpret.SQLQueryExecutor.execute(SQLQueryExecutor.java:147)
	at com.mckoi.database.jdbcserver.AbstractJDBCDatabaseInterface.execQuery(AbstractJDBCDatabaseInterface.java:461)
	at com.mckoi.database.jdbcserver.JDBCDatabaseInterface.execQuery(JDBCDatabaseInterface.java:251)
	at com.mckoi.database.jdbcserver.JDBCProcessor.queryCommand(JDBCProcessor.java:352)
	at com.mckoi.database.jdbcserver.JDBCProcessor.processQuery(JDBCProcessor.java:293)
	at com.mckoi.database.jdbcserver.JDBCProcessor.processJDBCCommand(JDBCProcessor.java:196)
	at com.mckoi.database.jdbcserver.StreamJDBCServerConnection.processRequest(StreamJDBCServerConnection.java:137)
	at com.mckoi.database.jdbcserver.MultiThreadedConnectionPoolServer$ClientThread$1.run(MultiThreadedConnectionPoolServer.java:171)
	at com.mckoi.database.WorkerThread.run(WorkerThread.java:123)
> com.mckoi.database.jdbcserver.JDBCDatabaseInterface ( lvl: 20 )
  Exception thrown during query processing on: [ Query:
[ create table transaksi (
	notrans int not null,
	tgl date,
	username string(20),
	constraint pk_transaksi primary key(notrans),
	constraint fk_transaksi_pengguna foreign key (username) references pengguna (username)
) ]

]
[ TIME: Wed Jan 07 17:36:37 ICT 2015 ]
% com.mckoi.database.DatabaseException: Table 'APP.transaksi' already exists.
	at com.mckoi.database.interpret.CreateTable.evaluate(CreateTable.java:391)
	at com.mckoi.database.interpret.SQLQueryExecutor.execute(SQLQueryExecutor.java:147)
	at com.mckoi.database.jdbcserver.AbstractJDBCDatabaseInterface.execQuery(AbstractJDBCDatabaseInterface.java:461)
	at com.mckoi.database.jdbcserver.JDBCDatabaseInterface.execQuery(JDBCDatabaseInterface.java:251)
	at com.mckoi.database.jdbcserver.JDBCProcessor.queryCommand(JDBCProcessor.java:352)
	at com.mckoi.database.jdbcserver.JDBCProcessor.processQuery(JDBCProcessor.java:293)
	at com.mckoi.database.jdbcserver.JDBCProcessor.processJDBCCommand(JDBCProcessor.java:196)
	at com.mckoi.database.jdbcserver.StreamJDBCServerConnection.processRequest(StreamJDBCServerConnection.java:137)
	at com.mckoi.database.jdbcserver.MultiThreadedConnectionPoolServer$ClientThread$1.run(MultiThreadedConnectionPoolServer.java:171)
	at com.mckoi.database.WorkerThread.run(WorkerThread.java:123)
> com.mckoi.database.jdbcserver.JDBCDatabaseInterface ( lvl: 20 )
  Exception thrown during query processing on: [ Query:
[ create table products (
	idproducts string(20) not null, 
	namaproducts string(50),
	idsupplier string(20),
	harga int, 
	stok int,
	constraint pk_products primary key(idproducts),
	constraint fk_products_suppliers foreign key(idsupplier) references supplier(idsupplier)
) ]

]
[ TIME: Wed Jan 07 17:36:46 ICT 2015 ]
% com.mckoi.database.DatabaseException: Table 'APP.products' already exists.
	at com.mckoi.database.interpret.CreateTable.evaluate(CreateTable.java:391)
	at com.mckoi.database.interpret.SQLQueryExecutor.execute(SQLQueryExecutor.java:147)
	at com.mckoi.database.jdbcserver.AbstractJDBCDatabaseInterface.execQuery(AbstractJDBCDatabaseInterface.java:461)
	at com.mckoi.database.jdbcserver.JDBCDatabaseInterface.execQuery(JDBCDatabaseInterface.java:251)
	at com.mckoi.database.jdbcserver.JDBCProcessor.queryCommand(JDBCProcessor.java:352)
	at com.mckoi.database.jdbcserver.JDBCProcessor.processQuery(JDBCProcessor.java:293)
	at com.mckoi.database.jdbcserver.JDBCProcessor.processJDBCCommand(JDBCProcessor.java:196)
	at com.mckoi.database.jdbcserver.StreamJDBCServerConnection.processRequest(StreamJDBCServerConnection.java:137)
	at com.mckoi.database.jdbcserver.MultiThreadedConnectionPoolServer$ClientThread$1.run(MultiThreadedConnectionPoolServer.java:171)
	at com.mckoi.database.WorkerThread.run(WorkerThread.java:123)
> com.mckoi.database.jdbcserver.JDBCDatabaseInterface ( lvl: 20 )
  Exception thrown during query processing on: [ Query:
[ 
create table detiltrans(
	notrans int,
	idproducts String(20),
	quantity int,	
constraint pk_detiltrans primary key(notrans,idproducts),
constraint fk_detiltrans_transaksi foreign key(notrans) references transaksi (notrans),
constraint fk_detiltrans_products foreign key(idproducts)references products (idproducts)
) ]

]
[ TIME: Wed Jan 07 17:36:55 ICT 2015 ]
% com.mckoi.database.DatabaseException: Table 'APP.detiltrans' already exists.
	at com.mckoi.database.interpret.CreateTable.evaluate(CreateTable.java:391)
	at com.mckoi.database.interpret.SQLQueryExecutor.execute(SQLQueryExecutor.java:147)
	at com.mckoi.database.jdbcserver.AbstractJDBCDatabaseInterface.execQuery(AbstractJDBCDatabaseInterface.java:461)
	at com.mckoi.database.jdbcserver.JDBCDatabaseInterface.execQuery(JDBCDatabaseInterface.java:251)
	at com.mckoi.database.jdbcserver.JDBCProcessor.queryCommand(JDBCProcessor.java:352)
	at com.mckoi.database.jdbcserver.JDBCProcessor.processQuery(JDBCProcessor.java:293)
	at com.mckoi.database.jdbcserver.JDBCProcessor.processJDBCCommand(JDBCProcessor.java:196)
	at com.mckoi.database.jdbcserver.StreamJDBCServerConnection.processRequest(StreamJDBCServerConnection.java:137)
	at com.mckoi.database.jdbcserver.MultiThreadedConnectionPoolServer$ClientThread$1.run(MultiThreadedConnectionPoolServer.java:171)
	at com.mckoi.database.WorkerThread.run(WorkerThread.java:123)
> com.mckoi.database.jdbcserver.JDBCDatabaseInterface ( lvl: 20 )
  Exception thrown during query processing on: [ Query:
[ INSERT INTO supplier (idsupplier, nama) VALUES
('ABE', 'Al Biruni Herbals'),
('ABH', 'Al Banari Herbals'),
('ABK', 'Al Barokah'),
('ADP', 'Ad Dawa'' Product'),
('ADR', 'Addawa Research'),
('AFH', 'Afiah'),
('AHZ', 'Al Hijaz'),
('AID', 'Naturaid'),
('AIN', 'Adas Indo Nusa'),
('ALA', 'Al Amir (Spain)'),
('ALW', 'Al - Waliy'),
('ASM', 'Agaricus Sido Makmur Sentosa'),
('ASS', 'Assabil Aminfood'),
('DOK', 'Pondok Herbal'),
('DRA', 'CV. Samudra'),
('EOH', 'Neoherba Nusantara'),
('ETA', 'EtalaseMuslim.com'),
('FIH', 'Fita Herba'),
('FSA', 'Al-Afiat Sehat Alami'),
('GHE', 'Ghaza Herbal (Kerunia Alam)'),
('GHU', 'Al-Ghuroba'''),
('GIC', 'Magic Star'),
('H99', 'HerbaCare 99'),
('HEF', 'Herba Farma'),
('HEM', 'Herba Medika'),
('HFI', 'Herbafit'),
('HIN', 'Citra Herba Insani'),
('HIS', 'Herbal Inti Sehat'),
('HIU', 'Herbal Indo Utama'),
('HPN', 'El Hanif Putra Nusantara'),
('IMA', 'El-Iman'),
('KHO', 'Al Khodry'),
('KIA', 'Al Kautsar Inti ''Afiyah'),
('MAB', 'Assalaamah Mabruuk'),
('MB', 'Al-Mabruroh By. Serba Alam'),
('MEN', 'Madu Herba Nusantara'),
('MHE', 'Al Manar Herbafit'),
('MUS', 'Al Muslim'),
('NAH', 'CV. Nature Herb'),
('OIF', 'Ath Thoifah'),
('QOW', 'Al-Qowam'),
('QUB', 'Al-Qubro Indonesia'),
('ROB', 'Arobiyan Herbal'),
('SAL', 'As Salaamah'),
('SAM', 'CV. Sambung Nyowo'),
('SFI', 'Al Shifa (PT. Safarindo Internusa)'),
('SHI', 'Ash-Shihhah Herbal'),
('SYI', 'CV. Syifa Herbal Alami'),
('UIA', 'Madu Indo Alam'),
('USY', 'Nurusy Syifa'),
('VER', 'CV. Vermindo Internasional Afiah'),
('VIC', 'CV. Vicomas Internasional'),
('WAD', 'Mawaddah - DIY'),
('WDY', 'Al Wadey'); ]

]
[ TIME: Wed Jan 07 17:37:28 ICT 2015 ]
% com.mckoi.database.DatabaseConstraintViolationException: Immediate primary Key constraint violation (pk_suppliers) Columns = ( idsupplier ) Table = ( APP.supplier )
	at com.mckoi.database.TableDataConglomerate.checkAddConstraintViolations(TableDataConglomerate.java:1963)
	at com.mckoi.database.MasterTableDataSource$MMutableTableDataSource.constraintIntegrityCheck(MasterTableDataSource.java:1924)
	at com.mckoi.database.DataTable.add(DataTable.java:180)
	at com.mckoi.database.interpret.Insert.evaluate(Insert.java:261)
	at com.mckoi.database.interpret.SQLQueryExecutor.execute(SQLQueryExecutor.java:147)
	at com.mckoi.database.jdbcserver.AbstractJDBCDatabaseInterface.execQuery(AbstractJDBCDatabaseInterface.java:461)
	at com.mckoi.database.jdbcserver.JDBCDatabaseInterface.execQuery(JDBCDatabaseInterface.java:251)
	at com.mckoi.database.jdbcserver.JDBCProcessor.queryCommand(JDBCProcessor.java:352)
	at com.mckoi.database.jdbcserver.JDBCProcessor.processQuery(JDBCProcessor.java:293)
	at com.mckoi.database.jdbcserver.JDBCProcessor.processJDBCCommand(JDBCProcessor.java:196)
	at com.mckoi.database.jdbcserver.StreamJDBCServerConnection.processRequest(StreamJDBCServerConnection.java:137)
	at com.mckoi.database.jdbcserver.MultiThreadedConnectionPoolServer$ClientThread$1.run(MultiThreadedConnectionPoolServer.java:171)
	at com.mckoi.database.WorkerThread.run(WorkerThread.java:123)
[ TIME: Wed Jan 07 17:42:58 ICT 2015 ]
% com.mckoi.database.sql.ParseException: Encountered "<EOF>" at line 432, column 69.
Was expecting:
    "(" ...
    
	at com.mckoi.database.sql.SQL.generateParseException(SQL.java:6070)
	at com.mckoi.database.sql.SQL.jj_consume_token(SQL.java:5939)
	at com.mckoi.database.sql.SQL.InsertDataList(SQL.java:1741)
	at com.mckoi.database.sql.SQL.Insert(SQL.java:972)
	at com.mckoi.database.sql.SQL.Statement(SQL.java:183)
	at com.mckoi.database.interpret.SQLQueryExecutor.execute(SQLQueryExecutor.java:94)
	at com.mckoi.database.jdbcserver.AbstractJDBCDatabaseInterface.execQuery(AbstractJDBCDatabaseInterface.java:461)
	at com.mckoi.database.jdbcserver.JDBCDatabaseInterface.execQuery(JDBCDatabaseInterface.java:251)
	at com.mckoi.database.jdbcserver.JDBCProcessor.queryCommand(JDBCProcessor.java:352)
	at com.mckoi.database.jdbcserver.JDBCProcessor.processQuery(JDBCProcessor.java:293)
	at com.mckoi.database.jdbcserver.JDBCProcessor.processJDBCCommand(JDBCProcessor.java:196)
	at com.mckoi.database.jdbcserver.StreamJDBCServerConnection.processRequest(StreamJDBCServerConnection.java:137)
	at com.mckoi.database.jdbcserver.MultiThreadedConnectionPoolServer$ClientThread$1.run(MultiThreadedConnectionPoolServer.java:171)
	at com.mckoi.database.WorkerThread.run(WorkerThread.java:123)
[ TIME: Wed Jan 07 17:43:32 ICT 2015 ]
% com.mckoi.database.sql.ParseException: Encountered "<EOF>" at line 432, column 69.
Was expecting:
    "(" ...
    
	at com.mckoi.database.sql.SQL.generateParseException(SQL.java:6070)
	at com.mckoi.database.sql.SQL.jj_consume_token(SQL.java:5939)
	at com.mckoi.database.sql.SQL.InsertDataList(SQL.java:1741)
	at com.mckoi.database.sql.SQL.Insert(SQL.java:972)
	at com.mckoi.database.sql.SQL.Statement(SQL.java:183)
	at com.mckoi.database.interpret.SQLQueryExecutor.execute(SQLQueryExecutor.java:94)
	at com.mckoi.database.jdbcserver.AbstractJDBCDatabaseInterface.execQuery(AbstractJDBCDatabaseInterface.java:461)
	at com.mckoi.database.jdbcserver.JDBCDatabaseInterface.execQuery(JDBCDatabaseInterface.java:251)
	at com.mckoi.database.jdbcserver.JDBCProcessor.queryCommand(JDBCProcessor.java:352)
	at com.mckoi.database.jdbcserver.JDBCProcessor.processQuery(JDBCProcessor.java:293)
	at com.mckoi.database.jdbcserver.JDBCProcessor.processJDBCCommand(JDBCProcessor.java:196)
	at com.mckoi.database.jdbcserver.StreamJDBCServerConnection.processRequest(StreamJDBCServerConnection.java:137)
	at com.mckoi.database.jdbcserver.MultiThreadedConnectionPoolServer$ClientThread$1.run(MultiThreadedConnectionPoolServer.java:171)
	at com.mckoi.database.WorkerThread.run(WorkerThread.java:123)
> com.mckoi.database.jdbcserver.JDBCDatabaseInterface ( lvl: 20 )
  Exception thrown during query processing on: [ Query:
[ SELECT isAdmin FROM pengguna WHERE username='firdaus' AND password='123' ]

]
[ TIME: Wed Jan 07 17:57:34 ICT 2015 ]
% com.mckoi.database.StatementException: Reference 'isAdmin' not found.
	at com.mckoi.database.interpret.TableExpressionFromSet.qualifyVariable(TableExpressionFromSet.java:470)
	at com.mckoi.database.interpret.TableExpressionFromSet$1.prepare(TableExpressionFromSet.java:487)
	at com.mckoi.database.Expression.prepare(Expression.java:368)
	at com.mckoi.database.interpret.Planner$QuerySelectColumnSet.prepareSelectColumn(Planner.java:1001)
	at com.mckoi.database.interpret.Planner$QuerySelectColumnSet.prepare(Planner.java:1060)
	at com.mckoi.database.interpret.Planner.formQueryPlan(Planner.java:319)
	at com.mckoi.database.interpret.Select.prepare(Select.java:123)
	at com.mckoi.database.interpret.SQLQueryExecutor.execute(SQLQueryExecutor.java:144)
	at com.mckoi.database.jdbcserver.AbstractJDBCDatabaseInterface.execQuery(AbstractJDBCDatabaseInterface.java:461)
	at com.mckoi.database.jdbcserver.JDBCDatabaseInterface.execQuery(JDBCDatabaseInterface.java:251)
	at com.mckoi.database.jdbcserver.JDBCProcessor.queryCommand(JDBCProcessor.java:352)
	at com.mckoi.database.jdbcserver.JDBCProcessor.processQuery(JDBCProcessor.java:293)
	at com.mckoi.database.jdbcserver.JDBCProcessor.processJDBCCommand(JDBCProcessor.java:196)
	at com.mckoi.database.jdbcserver.StreamJDBCServerConnection.processRequest(StreamJDBCServerConnection.java:137)
	at com.mckoi.database.jdbcserver.MultiThreadedConnectionPoolServer$ClientThread$1.run(MultiThreadedConnectionPoolServer.java:171)
	at com.mckoi.database.WorkerThread.run(WorkerThread.java:123)
> com.mckoi.database.jdbcserver.JDBCDatabaseInterface ( lvl: 20 )
  Exception thrown during query processing on: [ Query:
[ DELETE FROM products WHERE idproducts=ABE016 ]

]
[ TIME: Wed Jan 07 20:01:37 ICT 2015 ]
% com.mckoi.database.StatementException: Reference 'ABE016' not found.
	at com.mckoi.database.interpret.TableExpressionFromSet.qualifyVariable(TableExpressionFromSet.java:470)
	at com.mckoi.database.interpret.TableExpressionFromSet$1.prepare(TableExpressionFromSet.java:487)
	at com.mckoi.database.Expression.prepare(Expression.java:368)
	at com.mckoi.database.interpret.SearchExpression.prepare(SearchExpression.java:102)
	at com.mckoi.database.interpret.Planner.prepareSearchExpression(Planner.java:96)
	at com.mckoi.database.interpret.Planner.formQueryPlan(Planner.java:452)
	at com.mckoi.database.interpret.Delete.prepare(Delete.java:114)
	at com.mckoi.database.interpret.SQLQueryExecutor.execute(SQLQueryExecutor.java:144)
	at com.mckoi.database.jdbcserver.AbstractJDBCDatabaseInterface.execQuery(AbstractJDBCDatabaseInterface.java:461)
	at com.mckoi.database.jdbcserver.JDBCDatabaseInterface.execQuery(JDBCDatabaseInterface.java:251)
	at com.mckoi.database.jdbcserver.JDBCProcessor.queryCommand(JDBCProcessor.java:352)
	at com.mckoi.database.jdbcserver.JDBCProcessor.processQuery(JDBCProcessor.java:293)
	at com.mckoi.database.jdbcserver.JDBCProcessor.processJDBCCommand(JDBCProcessor.java:196)
	at com.mckoi.database.jdbcserver.StreamJDBCServerConnection.processRequest(StreamJDBCServerConnection.java:137)
	at com.mckoi.database.jdbcserver.MultiThreadedConnectionPoolServer$ClientThread$1.run(MultiThreadedConnectionPoolServer.java:171)
	at com.mckoi.database.WorkerThread.run(WorkerThread.java:123)
> com.mckoi.database.jdbcserver.JDBCDatabaseInterface ( lvl: 20 )
  Exception thrown during query processing on: [ Query:
[ DELETE FROM products WHERE idproducts=ABE014 ]

]
[ TIME: Wed Jan 07 20:01:43 ICT 2015 ]
% com.mckoi.database.StatementException: Reference 'ABE014' not found.
	at com.mckoi.database.interpret.TableExpressionFromSet.qualifyVariable(TableExpressionFromSet.java:470)
	at com.mckoi.database.interpret.TableExpressionFromSet$1.prepare(TableExpressionFromSet.java:487)
	at com.mckoi.database.Expression.prepare(Expression.java:368)
	at com.mckoi.database.interpret.SearchExpression.prepare(SearchExpression.java:102)
	at com.mckoi.database.interpret.Planner.prepareSearchExpression(Planner.java:96)
	at com.mckoi.database.interpret.Planner.formQueryPlan(Planner.java:452)
	at com.mckoi.database.interpret.Delete.prepare(Delete.java:114)
	at com.mckoi.database.interpret.SQLQueryExecutor.execute(SQLQueryExecutor.java:144)
	at com.mckoi.database.jdbcserver.AbstractJDBCDatabaseInterface.execQuery(AbstractJDBCDatabaseInterface.java:461)
	at com.mckoi.database.jdbcserver.JDBCDatabaseInterface.execQuery(JDBCDatabaseInterface.java:251)
	at com.mckoi.database.jdbcserver.JDBCProcessor.queryCommand(JDBCProcessor.java:352)
	at com.mckoi.database.jdbcserver.JDBCProcessor.processQuery(JDBCProcessor.java:293)
	at com.mckoi.database.jdbcserver.JDBCProcessor.processJDBCCommand(JDBCProcessor.java:196)
	at com.mckoi.database.jdbcserver.StreamJDBCServerConnection.processRequest(StreamJDBCServerConnection.java:137)
	at com.mckoi.database.jdbcserver.MultiThreadedConnectionPoolServer$ClientThread$1.run(MultiThreadedConnectionPoolServer.java:171)
	at com.mckoi.database.WorkerThread.run(WorkerThread.java:123)
> com.mckoi.database.jdbcserver.JDBCDatabaseInterface ( lvl: 20 )
  Exception thrown during query processing on: [ Query:
[ INSERT INTO products VALUES('123','dar','ABE',100,100) ]

]
[ TIME: Wed Jan 07 20:17:01 ICT 2015 ]
% com.mckoi.database.DatabaseConstraintViolationException: Immediate primary Key constraint violation (pk_products) Columns = ( idproducts ) Table = ( APP.products )
	at com.mckoi.database.TableDataConglomerate.checkAddConstraintViolations(TableDataConglomerate.java:1963)
	at com.mckoi.database.MasterTableDataSource$MMutableTableDataSource.constraintIntegrityCheck(MasterTableDataSource.java:1924)
	at com.mckoi.database.DataTable.add(DataTable.java:180)
	at com.mckoi.database.interpret.Insert.evaluate(Insert.java:261)
	at com.mckoi.database.interpret.SQLQueryExecutor.execute(SQLQueryExecutor.java:147)
	at com.mckoi.database.jdbcserver.AbstractJDBCDatabaseInterface.execQuery(AbstractJDBCDatabaseInterface.java:461)
	at com.mckoi.database.jdbcserver.JDBCDatabaseInterface.execQuery(JDBCDatabaseInterface.java:251)
	at com.mckoi.database.jdbcserver.JDBCProcessor.queryCommand(JDBCProcessor.java:352)
	at com.mckoi.database.jdbcserver.JDBCProcessor.processQuery(JDBCProcessor.java:293)
	at com.mckoi.database.jdbcserver.JDBCProcessor.processJDBCCommand(JDBCProcessor.java:196)
	at com.mckoi.database.jdbcserver.StreamJDBCServerConnection.processRequest(StreamJDBCServerConnection.java:137)
	at com.mckoi.database.jdbcserver.MultiThreadedConnectionPoolServer$ClientThread$1.run(MultiThreadedConnectionPoolServer.java:171)
	at com.mckoi.database.WorkerThread.run(WorkerThread.java:123)
> com.mckoi.database.jdbcserver.JDBCDatabaseInterface ( lvl: 20 )
  Exception thrown during query processing on: [ Query:
[ INSERT INTO transaksi VALUES(1, '07/01/15', 'kasir') ]

]
[ TIME: Wed Jan 07 20:18:23 ICT 2015 ]
% java.lang.RuntimeException: Unable to parse string as a date (yyyy-MM-dd)
	at com.mckoi.database.global.CastHelper.toDate(CastHelper.java:163)
	at com.mckoi.database.global.CastHelper.castObjectToSQLType(CastHelper.java:438)
	at com.mckoi.database.TType.castObjectToTType(TType.java:353)
	at com.mckoi.database.TObject.createAndCastFromObject(TObject.java:625)
	at com.mckoi.database.TObject.castTo(TObject.java:633)
	at com.mckoi.database.RowData.setupEntire(RowData.java:298)
	at com.mckoi.database.interpret.Insert.evaluate(Insert.java:260)
	at com.mckoi.database.interpret.SQLQueryExecutor.execute(SQLQueryExecutor.java:147)
	at com.mckoi.database.jdbcserver.AbstractJDBCDatabaseInterface.execQuery(AbstractJDBCDatabaseInterface.java:461)
	at com.mckoi.database.jdbcserver.JDBCDatabaseInterface.execQuery(JDBCDatabaseInterface.java:251)
	at com.mckoi.database.jdbcserver.JDBCProcessor.queryCommand(JDBCProcessor.java:352)
	at com.mckoi.database.jdbcserver.JDBCProcessor.processQuery(JDBCProcessor.java:293)
	at com.mckoi.database.jdbcserver.JDBCProcessor.processJDBCCommand(JDBCProcessor.java:196)
	at com.mckoi.database.jdbcserver.StreamJDBCServerConnection.processRequest(StreamJDBCServerConnection.java:137)
	at com.mckoi.database.jdbcserver.MultiThreadedConnectionPoolServer$ClientThread$1.run(MultiThreadedConnectionPoolServer.java:171)
	at com.mckoi.database.WorkerThread.run(WorkerThread.java:123)
> com.mckoi.database.jdbcserver.JDBCDatabaseInterface ( lvl: 20 )
  Exception thrown during query processing on: [ Query:
[ INSERT INTO detiltrans VALUES(1, ABE007, 1) ]

]
[ TIME: Wed Jan 07 20:18:25 ICT 2015 ]
% com.mckoi.database.StatementException: Can't find column: ABE007
	at com.mckoi.database.interpret.Statement.resolveColumn(Statement.java:226)
	at com.mckoi.database.interpret.Statement.resolveVariableName(Statement.java:249)
	at com.mckoi.database.interpret.Statement.resolveExpression(Statement.java:261)
	at com.mckoi.database.interpret.Insert.prepare(Insert.java:191)
	at com.mckoi.database.interpret.SQLQueryExecutor.execute(SQLQueryExecutor.java:144)
	at com.mckoi.database.jdbcserver.AbstractJDBCDatabaseInterface.execQuery(AbstractJDBCDatabaseInterface.java:461)
	at com.mckoi.database.jdbcserver.JDBCDatabaseInterface.execQuery(JDBCDatabaseInterface.java:251)
	at com.mckoi.database.jdbcserver.JDBCProcessor.queryCommand(JDBCProcessor.java:352)
	at com.mckoi.database.jdbcserver.JDBCProcessor.processQuery(JDBCProcessor.java:293)
	at com.mckoi.database.jdbcserver.JDBCProcessor.processJDBCCommand(JDBCProcessor.java:196)
	at com.mckoi.database.jdbcserver.StreamJDBCServerConnection.processRequest(StreamJDBCServerConnection.java:137)
	at com.mckoi.database.jdbcserver.MultiThreadedConnectionPoolServer$ClientThread$1.run(MultiThreadedConnectionPoolServer.java:171)
	at com.mckoi.database.WorkerThread.run(WorkerThread.java:123)
> com.mckoi.database.jdbcserver.JDBCDatabaseInterface ( lvl: 20 )
  Exception thrown during query processing on: [ Query:
[ UPDATE products SET stok = stok-1 WHERE idproducts=ABE007 ]

]
[ TIME: Wed Jan 07 20:18:26 ICT 2015 ]
% com.mckoi.database.StatementException: Reference 'ABE007' not found.
	at com.mckoi.database.interpret.TableExpressionFromSet.qualifyVariable(TableExpressionFromSet.java:470)
	at com.mckoi.database.interpret.TableExpressionFromSet$1.prepare(TableExpressionFromSet.java:487)
	at com.mckoi.database.Expression.prepare(Expression.java:368)
	at com.mckoi.database.interpret.SearchExpression.prepare(SearchExpression.java:102)
	at com.mckoi.database.interpret.Planner.prepareSearchExpression(Planner.java:96)
	at com.mckoi.database.interpret.Planner.formQueryPlan(Planner.java:452)
	at com.mckoi.database.interpret.UpdateTable.prepare(UpdateTable.java:117)
	at com.mckoi.database.interpret.SQLQueryExecutor.execute(SQLQueryExecutor.java:144)
	at com.mckoi.database.jdbcserver.AbstractJDBCDatabaseInterface.execQuery(AbstractJDBCDatabaseInterface.java:461)
	at com.mckoi.database.jdbcserver.JDBCDatabaseInterface.execQuery(JDBCDatabaseInterface.java:251)
	at com.mckoi.database.jdbcserver.JDBCProcessor.queryCommand(JDBCProcessor.java:352)
	at com.mckoi.database.jdbcserver.JDBCProcessor.processQuery(JDBCProcessor.java:293)
	at com.mckoi.database.jdbcserver.JDBCProcessor.processJDBCCommand(JDBCProcessor.java:196)
	at com.mckoi.database.jdbcserver.StreamJDBCServerConnection.processRequest(StreamJDBCServerConnection.java:137)
	at com.mckoi.database.jdbcserver.MultiThreadedConnectionPoolServer$ClientThread$1.run(MultiThreadedConnectionPoolServer.java:171)
	at com.mckoi.database.WorkerThread.run(WorkerThread.java:123)
> com.mckoi.database.jdbcserver.JDBCDatabaseInterface ( lvl: 20 )
  Exception thrown during query processing on: [ Query:
[ INSERT INTO transaksi VALUES(1, '07/01/15', 'kasir') ]

]
[ TIME: Wed Jan 07 20:20:13 ICT 2015 ]
% java.lang.RuntimeException: Unable to parse string as a date (yyyy-MM-dd)
	at com.mckoi.database.global.CastHelper.toDate(CastHelper.java:163)
	at com.mckoi.database.global.CastHelper.castObjectToSQLType(CastHelper.java:438)
	at com.mckoi.database.TType.castObjectToTType(TType.java:353)
	at com.mckoi.database.TObject.createAndCastFromObject(TObject.java:625)
	at com.mckoi.database.TObject.castTo(TObject.java:633)
	at com.mckoi.database.RowData.setupEntire(RowData.java:298)
	at com.mckoi.database.interpret.Insert.evaluate(Insert.java:260)
	at com.mckoi.database.interpret.SQLQueryExecutor.execute(SQLQueryExecutor.java:147)
	at com.mckoi.database.jdbcserver.AbstractJDBCDatabaseInterface.execQuery(AbstractJDBCDatabaseInterface.java:461)
	at com.mckoi.database.jdbcserver.JDBCDatabaseInterface.execQuery(JDBCDatabaseInterface.java:251)
	at com.mckoi.database.jdbcserver.JDBCProcessor.queryCommand(JDBCProcessor.java:352)
	at com.mckoi.database.jdbcserver.JDBCProcessor.processQuery(JDBCProcessor.java:293)
	at com.mckoi.database.jdbcserver.JDBCProcessor.processJDBCCommand(JDBCProcessor.java:196)
	at com.mckoi.database.jdbcserver.StreamJDBCServerConnection.processRequest(StreamJDBCServerConnection.java:137)
	at com.mckoi.database.jdbcserver.MultiThreadedConnectionPoolServer$ClientThread$1.run(MultiThreadedConnectionPoolServer.java:171)
	at com.mckoi.database.WorkerThread.run(WorkerThread.java:123)
> com.mckoi.database.jdbcserver.JDBCDatabaseInterface ( lvl: 20 )
  Exception thrown during query processing on: [ Query:
[ INSERT INTO detiltrans VALUES(1, ABE007, 1) ]

]
[ TIME: Wed Jan 07 20:20:18 ICT 2015 ]
% com.mckoi.database.StatementException: Can't find column: ABE007
	at com.mckoi.database.interpret.Statement.resolveColumn(Statement.java:226)
	at com.mckoi.database.interpret.Statement.resolveVariableName(Statement.java:249)
	at com.mckoi.database.interpret.Statement.resolveExpression(Statement.java:261)
	at com.mckoi.database.interpret.Insert.prepare(Insert.java:191)
	at com.mckoi.database.interpret.SQLQueryExecutor.execute(SQLQueryExecutor.java:144)
	at com.mckoi.database.jdbcserver.AbstractJDBCDatabaseInterface.execQuery(AbstractJDBCDatabaseInterface.java:461)
	at com.mckoi.database.jdbcserver.JDBCDatabaseInterface.execQuery(JDBCDatabaseInterface.java:251)
	at com.mckoi.database.jdbcserver.JDBCProcessor.queryCommand(JDBCProcessor.java:352)
	at com.mckoi.database.jdbcserver.JDBCProcessor.processQuery(JDBCProcessor.java:293)
	at com.mckoi.database.jdbcserver.JDBCProcessor.processJDBCCommand(JDBCProcessor.java:196)
	at com.mckoi.database.jdbcserver.StreamJDBCServerConnection.processRequest(StreamJDBCServerConnection.java:137)
	at com.mckoi.database.jdbcserver.MultiThreadedConnectionPoolServer$ClientThread$1.run(MultiThreadedConnectionPoolServer.java:171)
	at com.mckoi.database.WorkerThread.run(WorkerThread.java:123)
> com.mckoi.database.jdbcserver.JDBCDatabaseInterface ( lvl: 20 )
  Exception thrown during query processing on: [ Query:
[ UPDATE products SET stok = stok-1 WHERE idproducts=ABE007 ]

]
[ TIME: Wed Jan 07 20:20:19 ICT 2015 ]
% com.mckoi.database.StatementException: Reference 'ABE007' not found.
	at com.mckoi.database.interpret.TableExpressionFromSet.qualifyVariable(TableExpressionFromSet.java:470)
	at com.mckoi.database.interpret.TableExpressionFromSet$1.prepare(TableExpressionFromSet.java:487)
	at com.mckoi.database.Expression.prepare(Expression.java:368)
	at com.mckoi.database.interpret.SearchExpression.prepare(SearchExpression.java:102)
	at com.mckoi.database.interpret.Planner.prepareSearchExpression(Planner.java:96)
	at com.mckoi.database.interpret.Planner.formQueryPlan(Planner.java:452)
	at com.mckoi.database.interpret.UpdateTable.prepare(UpdateTable.java:117)
	at com.mckoi.database.interpret.SQLQueryExecutor.execute(SQLQueryExecutor.java:144)
	at com.mckoi.database.jdbcserver.AbstractJDBCDatabaseInterface.execQuery(AbstractJDBCDatabaseInterface.java:461)
	at com.mckoi.database.jdbcserver.JDBCDatabaseInterface.execQuery(JDBCDatabaseInterface.java:251)
	at com.mckoi.database.jdbcserver.JDBCProcessor.queryCommand(JDBCProcessor.java:352)
	at com.mckoi.database.jdbcserver.JDBCProcessor.processQuery(JDBCProcessor.java:293)
	at com.mckoi.database.jdbcserver.JDBCProcessor.processJDBCCommand(JDBCProcessor.java:196)
	at com.mckoi.database.jdbcserver.StreamJDBCServerConnection.processRequest(StreamJDBCServerConnection.java:137)
	at com.mckoi.database.jdbcserver.MultiThreadedConnectionPoolServer$ClientThread$1.run(MultiThreadedConnectionPoolServer.java:171)
	at com.mckoi.database.WorkerThread.run(WorkerThread.java:123)
> com.mckoi.database.jdbcserver.JDBCDatabaseInterface ( lvl: 20 )
  Exception thrown during query processing on: [ Query:
[ UPDATE products SET stok = stok-1 WHERE idproducts=ABE007 ]

]
[ TIME: Wed Jan 07 20:26:28 ICT 2015 ]
% com.mckoi.database.StatementException: Reference 'ABE007' not found.
	at com.mckoi.database.interpret.TableExpressionFromSet.qualifyVariable(TableExpressionFromSet.java:470)
	at com.mckoi.database.interpret.TableExpressionFromSet$1.prepare(TableExpressionFromSet.java:487)
	at com.mckoi.database.Expression.prepare(Expression.java:368)
	at com.mckoi.database.interpret.SearchExpression.prepare(SearchExpression.java:102)
	at com.mckoi.database.interpret.Planner.prepareSearchExpression(Planner.java:96)
	at com.mckoi.database.interpret.Planner.formQueryPlan(Planner.java:452)
	at com.mckoi.database.interpret.UpdateTable.prepare(UpdateTable.java:117)
	at com.mckoi.database.interpret.SQLQueryExecutor.execute(SQLQueryExecutor.java:144)
	at com.mckoi.database.jdbcserver.AbstractJDBCDatabaseInterface.execQuery(AbstractJDBCDatabaseInterface.java:461)
	at com.mckoi.database.jdbcserver.JDBCDatabaseInterface.execQuery(JDBCDatabaseInterface.java:251)
	at com.mckoi.database.jdbcserver.JDBCProcessor.queryCommand(JDBCProcessor.java:352)
	at com.mckoi.database.jdbcserver.JDBCProcessor.processQuery(JDBCProcessor.java:293)
	at com.mckoi.database.jdbcserver.JDBCProcessor.processJDBCCommand(JDBCProcessor.java:196)
	at com.mckoi.database.jdbcserver.StreamJDBCServerConnection.processRequest(StreamJDBCServerConnection.java:137)
	at com.mckoi.database.jdbcserver.MultiThreadedConnectionPoolServer$ClientThread$1.run(MultiThreadedConnectionPoolServer.java:171)
	at com.mckoi.database.WorkerThread.run(WorkerThread.java:123)
> com.mckoi.database.jdbcserver.JDBCDatabaseInterface ( lvl: 20 )
  Exception thrown during query processing on: [ Query:
[ INSERT INTO detiltrans VALUES(4, 'GHU091', 1) ]

]
[ TIME: Wed Jan 07 20:29:38 ICT 2015 ]
% com.mckoi.database.DatabaseConstraintViolationException: Immediate primary Key constraint violation (pk_detiltrans) Columns = ( notransidproducts ) Table = ( APP.detiltrans )
	at com.mckoi.database.TableDataConglomerate.checkAddConstraintViolations(TableDataConglomerate.java:1963)
	at com.mckoi.database.MasterTableDataSource$MMutableTableDataSource.constraintIntegrityCheck(MasterTableDataSource.java:1924)
	at com.mckoi.database.DataTable.add(DataTable.java:180)
	at com.mckoi.database.interpret.Insert.evaluate(Insert.java:261)
	at com.mckoi.database.interpret.SQLQueryExecutor.execute(SQLQueryExecutor.java:147)
	at com.mckoi.database.jdbcserver.AbstractJDBCDatabaseInterface.execQuery(AbstractJDBCDatabaseInterface.java:461)
	at com.mckoi.database.jdbcserver.JDBCDatabaseInterface.execQuery(JDBCDatabaseInterface.java:251)
	at com.mckoi.database.jdbcserver.JDBCProcessor.queryCommand(JDBCProcessor.java:352)
	at com.mckoi.database.jdbcserver.JDBCProcessor.processQuery(JDBCProcessor.java:293)
	at com.mckoi.database.jdbcserver.JDBCProcessor.processJDBCCommand(JDBCProcessor.java:196)
	at com.mckoi.database.jdbcserver.StreamJDBCServerConnection.processRequest(StreamJDBCServerConnection.java:137)
	at com.mckoi.database.jdbcserver.MultiThreadedConnectionPoolServer$ClientThread$1.run(MultiThreadedConnectionPoolServer.java:171)
	at com.mckoi.database.WorkerThread.run(WorkerThread.java:123)
> com.mckoi.database.jdbcserver.JDBCDatabaseInterface ( lvl: 20 )
  Exception thrown during query processing on: [ Query:
[ INSERT INTO detiltrans VALUES(4, 'GHU091', 1) ]

]
[ TIME: Wed Jan 07 20:29:41 ICT 2015 ]
% com.mckoi.database.DatabaseConstraintViolationException: Immediate primary Key constraint violation (pk_detiltrans) Columns = ( notransidproducts ) Table = ( APP.detiltrans )
	at com.mckoi.database.TableDataConglomerate.checkAddConstraintViolations(TableDataConglomerate.java:1963)
	at com.mckoi.database.MasterTableDataSource$MMutableTableDataSource.constraintIntegrityCheck(MasterTableDataSource.java:1924)
	at com.mckoi.database.DataTable.add(DataTable.java:180)
	at com.mckoi.database.interpret.Insert.evaluate(Insert.java:261)
	at com.mckoi.database.interpret.SQLQueryExecutor.execute(SQLQueryExecutor.java:147)
	at com.mckoi.database.jdbcserver.AbstractJDBCDatabaseInterface.execQuery(AbstractJDBCDatabaseInterface.java:461)
	at com.mckoi.database.jdbcserver.JDBCDatabaseInterface.execQuery(JDBCDatabaseInterface.java:251)
	at com.mckoi.database.jdbcserver.JDBCProcessor.queryCommand(JDBCProcessor.java:352)
	at com.mckoi.database.jdbcserver.JDBCProcessor.processQuery(JDBCProcessor.java:293)
	at com.mckoi.database.jdbcserver.JDBCProcessor.processJDBCCommand(JDBCProcessor.java:196)
	at com.mckoi.database.jdbcserver.StreamJDBCServerConnection.processRequest(StreamJDBCServerConnection.java:137)
	at com.mckoi.database.jdbcserver.MultiThreadedConnectionPoolServer$ClientThread$1.run(MultiThreadedConnectionPoolServer.java:171)
	at com.mckoi.database.WorkerThread.run(WorkerThread.java:123)
> com.mckoi.database.jdbcserver.JDBCDatabaseInterface ( lvl: 20 )
  Exception thrown during query processing on: [ Query:
[ INSERT INTO detiltrans VALUES(4, 'GHU091', 1) ]

]
[ TIME: Wed Jan 07 20:29:41 ICT 2015 ]
% com.mckoi.database.DatabaseConstraintViolationException: Immediate primary Key constraint violation (pk_detiltrans) Columns = ( notransidproducts ) Table = ( APP.detiltrans )
	at com.mckoi.database.TableDataConglomerate.checkAddConstraintViolations(TableDataConglomerate.java:1963)
	at com.mckoi.database.MasterTableDataSource$MMutableTableDataSource.constraintIntegrityCheck(MasterTableDataSource.java:1924)
	at com.mckoi.database.DataTable.add(DataTable.java:180)
	at com.mckoi.database.interpret.Insert.evaluate(Insert.java:261)
	at com.mckoi.database.interpret.SQLQueryExecutor.execute(SQLQueryExecutor.java:147)
	at com.mckoi.database.jdbcserver.AbstractJDBCDatabaseInterface.execQuery(AbstractJDBCDatabaseInterface.java:461)
	at com.mckoi.database.jdbcserver.JDBCDatabaseInterface.execQuery(JDBCDatabaseInterface.java:251)
	at com.mckoi.database.jdbcserver.JDBCProcessor.queryCommand(JDBCProcessor.java:352)
	at com.mckoi.database.jdbcserver.JDBCProcessor.processQuery(JDBCProcessor.java:293)
	at com.mckoi.database.jdbcserver.JDBCProcessor.processJDBCCommand(JDBCProcessor.java:196)
	at com.mckoi.database.jdbcserver.StreamJDBCServerConnection.processRequest(StreamJDBCServerConnection.java:137)
	at com.mckoi.database.jdbcserver.MultiThreadedConnectionPoolServer$ClientThread$1.run(MultiThreadedConnectionPoolServer.java:171)
	at com.mckoi.database.WorkerThread.run(WorkerThread.java:123)
> com.mckoi.database.jdbcserver.JDBCDatabaseInterface ( lvl: 20 )
  Exception thrown during query processing on: [ Query:
[ INSERT INTO detiltrans VALUES(4, 'GHU091', 1) ]

]
[ TIME: Wed Jan 07 20:29:42 ICT 2015 ]
% com.mckoi.database.DatabaseConstraintViolationException: Immediate primary Key constraint violation (pk_detiltrans) Columns = ( notransidproducts ) Table = ( APP.detiltrans )
	at com.mckoi.database.TableDataConglomerate.checkAddConstraintViolations(TableDataConglomerate.java:1963)
	at com.mckoi.database.MasterTableDataSource$MMutableTableDataSource.constraintIntegrityCheck(MasterTableDataSource.java:1924)
	at com.mckoi.database.DataTable.add(DataTable.java:180)
	at com.mckoi.database.interpret.Insert.evaluate(Insert.java:261)
	at com.mckoi.database.interpret.SQLQueryExecutor.execute(SQLQueryExecutor.java:147)
	at com.mckoi.database.jdbcserver.AbstractJDBCDatabaseInterface.execQuery(AbstractJDBCDatabaseInterface.java:461)
	at com.mckoi.database.jdbcserver.JDBCDatabaseInterface.execQuery(JDBCDatabaseInterface.java:251)
	at com.mckoi.database.jdbcserver.JDBCProcessor.queryCommand(JDBCProcessor.java:352)
	at com.mckoi.database.jdbcserver.JDBCProcessor.processQuery(JDBCProcessor.java:293)
	at com.mckoi.database.jdbcserver.JDBCProcessor.processJDBCCommand(JDBCProcessor.java:196)
	at com.mckoi.database.jdbcserver.StreamJDBCServerConnection.processRequest(StreamJDBCServerConnection.java:137)
	at com.mckoi.database.jdbcserver.MultiThreadedConnectionPoolServer$ClientThread$1.run(MultiThreadedConnectionPoolServer.java:171)
	at com.mckoi.database.WorkerThread.run(WorkerThread.java:123)
> com.mckoi.database.jdbcserver.JDBCDatabaseInterface ( lvl: 20 )
  Exception thrown during query processing on: [ Query:
[ INSERT INTO detiltrans VALUES(4, 'GHU091', 1) ]

]
[ TIME: Wed Jan 07 20:29:43 ICT 2015 ]
% com.mckoi.database.DatabaseConstraintViolationException: Immediate primary Key constraint violation (pk_detiltrans) Columns = ( notransidproducts ) Table = ( APP.detiltrans )
	at com.mckoi.database.TableDataConglomerate.checkAddConstraintViolations(TableDataConglomerate.java:1963)
	at com.mckoi.database.MasterTableDataSource$MMutableTableDataSource.constraintIntegrityCheck(MasterTableDataSource.java:1924)
	at com.mckoi.database.DataTable.add(DataTable.java:180)
	at com.mckoi.database.interpret.Insert.evaluate(Insert.java:261)
	at com.mckoi.database.interpret.SQLQueryExecutor.execute(SQLQueryExecutor.java:147)
	at com.mckoi.database.jdbcserver.AbstractJDBCDatabaseInterface.execQuery(AbstractJDBCDatabaseInterface.java:461)
	at com.mckoi.database.jdbcserver.JDBCDatabaseInterface.execQuery(JDBCDatabaseInterface.java:251)
	at com.mckoi.database.jdbcserver.JDBCProcessor.queryCommand(JDBCProcessor.java:352)
	at com.mckoi.database.jdbcserver.JDBCProcessor.processQuery(JDBCProcessor.java:293)
	at com.mckoi.database.jdbcserver.JDBCProcessor.processJDBCCommand(JDBCProcessor.java:196)
	at com.mckoi.database.jdbcserver.StreamJDBCServerConnection.processRequest(StreamJDBCServerConnection.java:137)
	at com.mckoi.database.jdbcserver.MultiThreadedConnectionPoolServer$ClientThread$1.run(MultiThreadedConnectionPoolServer.java:171)
	at com.mckoi.database.WorkerThread.run(WorkerThread.java:123)
> com.mckoi.database.jdbcserver.JDBCDatabaseInterface ( lvl: 20 )
  Exception thrown during query processing on: [ Query:
[ INSERT INTO detiltrans VALUES(4, 'GHU091', 1) ]

]
[ TIME: Wed Jan 07 20:29:43 ICT 2015 ]
% com.mckoi.database.DatabaseConstraintViolationException: Immediate primary Key constraint violation (pk_detiltrans) Columns = ( notransidproducts ) Table = ( APP.detiltrans )
	at com.mckoi.database.TableDataConglomerate.checkAddConstraintViolations(TableDataConglomerate.java:1963)
	at com.mckoi.database.MasterTableDataSource$MMutableTableDataSource.constraintIntegrityCheck(MasterTableDataSource.java:1924)
	at com.mckoi.database.DataTable.add(DataTable.java:180)
	at com.mckoi.database.interpret.Insert.evaluate(Insert.java:261)
	at com.mckoi.database.interpret.SQLQueryExecutor.execute(SQLQueryExecutor.java:147)
	at com.mckoi.database.jdbcserver.AbstractJDBCDatabaseInterface.execQuery(AbstractJDBCDatabaseInterface.java:461)
	at com.mckoi.database.jdbcserver.JDBCDatabaseInterface.execQuery(JDBCDatabaseInterface.java:251)
	at com.mckoi.database.jdbcserver.JDBCProcessor.queryCommand(JDBCProcessor.java:352)
	at com.mckoi.database.jdbcserver.JDBCProcessor.processQuery(JDBCProcessor.java:293)
	at com.mckoi.database.jdbcserver.JDBCProcessor.processJDBCCommand(JDBCProcessor.java:196)
	at com.mckoi.database.jdbcserver.StreamJDBCServerConnection.processRequest(StreamJDBCServerConnection.java:137)
	at com.mckoi.database.jdbcserver.MultiThreadedConnectionPoolServer$ClientThread$1.run(MultiThreadedConnectionPoolServer.java:171)
	at com.mckoi.database.WorkerThread.run(WorkerThread.java:123)
> com.mckoi.database.jdbcserver.JDBCDatabaseInterface ( lvl: 20 )
  Exception thrown during query processing on: [ Query:
[ INSERT INTO detiltrans VALUES(4, 'GHU091', 1) ]

]
[ TIME: Wed Jan 07 20:29:44 ICT 2015 ]
% com.mckoi.database.DatabaseConstraintViolationException: Immediate primary Key constraint violation (pk_detiltrans) Columns = ( notransidproducts ) Table = ( APP.detiltrans )
	at com.mckoi.database.TableDataConglomerate.checkAddConstraintViolations(TableDataConglomerate.java:1963)
	at com.mckoi.database.MasterTableDataSource$MMutableTableDataSource.constraintIntegrityCheck(MasterTableDataSource.java:1924)
	at com.mckoi.database.DataTable.add(DataTable.java:180)
	at com.mckoi.database.interpret.Insert.evaluate(Insert.java:261)
	at com.mckoi.database.interpret.SQLQueryExecutor.execute(SQLQueryExecutor.java:147)
	at com.mckoi.database.jdbcserver.AbstractJDBCDatabaseInterface.execQuery(AbstractJDBCDatabaseInterface.java:461)
	at com.mckoi.database.jdbcserver.JDBCDatabaseInterface.execQuery(JDBCDatabaseInterface.java:251)
	at com.mckoi.database.jdbcserver.JDBCProcessor.queryCommand(JDBCProcessor.java:352)
	at com.mckoi.database.jdbcserver.JDBCProcessor.processQuery(JDBCProcessor.java:293)
	at com.mckoi.database.jdbcserver.JDBCProcessor.processJDBCCommand(JDBCProcessor.java:196)
	at com.mckoi.database.jdbcserver.StreamJDBCServerConnection.processRequest(StreamJDBCServerConnection.java:137)
	at com.mckoi.database.jdbcserver.MultiThreadedConnectionPoolServer$ClientThread$1.run(MultiThreadedConnectionPoolServer.java:171)
	at com.mckoi.database.WorkerThread.run(WorkerThread.java:123)
> com.mckoi.database.jdbcserver.JDBCDatabaseInterface ( lvl: 20 )
  Exception thrown during query processing on: [ Query:
[ INSERT INTO detiltrans VALUES(5, 'GHU091', 12) ]

]
[ TIME: Wed Jan 07 20:30:01 ICT 2015 ]
% com.mckoi.database.DatabaseConstraintViolationException: Immediate primary Key constraint violation (pk_detiltrans) Columns = ( notransidproducts ) Table = ( APP.detiltrans )
	at com.mckoi.database.TableDataConglomerate.checkAddConstraintViolations(TableDataConglomerate.java:1963)
	at com.mckoi.database.MasterTableDataSource$MMutableTableDataSource.constraintIntegrityCheck(MasterTableDataSource.java:1924)
	at com.mckoi.database.DataTable.add(DataTable.java:180)
	at com.mckoi.database.interpret.Insert.evaluate(Insert.java:261)
	at com.mckoi.database.interpret.SQLQueryExecutor.execute(SQLQueryExecutor.java:147)
	at com.mckoi.database.jdbcserver.AbstractJDBCDatabaseInterface.execQuery(AbstractJDBCDatabaseInterface.java:461)
	at com.mckoi.database.jdbcserver.JDBCDatabaseInterface.execQuery(JDBCDatabaseInterface.java:251)
	at com.mckoi.database.jdbcserver.JDBCProcessor.queryCommand(JDBCProcessor.java:352)
	at com.mckoi.database.jdbcserver.JDBCProcessor.processQuery(JDBCProcessor.java:293)
	at com.mckoi.database.jdbcserver.JDBCProcessor.processJDBCCommand(JDBCProcessor.java:196)
	at com.mckoi.database.jdbcserver.StreamJDBCServerConnection.processRequest(StreamJDBCServerConnection.java:137)
	at com.mckoi.database.jdbcserver.MultiThreadedConnectionPoolServer$ClientThread$1.run(MultiThreadedConnectionPoolServer.java:171)
	at com.mckoi.database.WorkerThread.run(WorkerThread.java:123)
> com.mckoi.database.jdbcserver.JDBCDatabaseInterface ( lvl: 20 )
  Exception thrown during query processing on: [ Query:
[ INSERT INTO detiltrans VALUES(5, 'GHU091', 123) ]

]
[ TIME: Wed Jan 07 20:30:05 ICT 2015 ]
% com.mckoi.database.DatabaseConstraintViolationException: Immediate primary Key constraint violation (pk_detiltrans) Columns = ( notransidproducts ) Table = ( APP.detiltrans )
	at com.mckoi.database.TableDataConglomerate.checkAddConstraintViolations(TableDataConglomerate.java:1963)
	at com.mckoi.database.MasterTableDataSource$MMutableTableDataSource.constraintIntegrityCheck(MasterTableDataSource.java:1924)
	at com.mckoi.database.DataTable.add(DataTable.java:180)
	at com.mckoi.database.interpret.Insert.evaluate(Insert.java:261)
	at com.mckoi.database.interpret.SQLQueryExecutor.execute(SQLQueryExecutor.java:147)
	at com.mckoi.database.jdbcserver.AbstractJDBCDatabaseInterface.execQuery(AbstractJDBCDatabaseInterface.java:461)
	at com.mckoi.database.jdbcserver.JDBCDatabaseInterface.execQuery(JDBCDatabaseInterface.java:251)
	at com.mckoi.database.jdbcserver.JDBCProcessor.queryCommand(JDBCProcessor.java:352)
	at com.mckoi.database.jdbcserver.JDBCProcessor.processQuery(JDBCProcessor.java:293)
	at com.mckoi.database.jdbcserver.JDBCProcessor.processJDBCCommand(JDBCProcessor.java:196)
	at com.mckoi.database.jdbcserver.StreamJDBCServerConnection.processRequest(StreamJDBCServerConnection.java:137)
	at com.mckoi.database.jdbcserver.MultiThreadedConnectionPoolServer$ClientThread$1.run(MultiThreadedConnectionPoolServer.java:171)
	at com.mckoi.database.WorkerThread.run(WorkerThread.java:123)
**** Debug log started: Wed Jan 07 20:36:04 ICT 2015 ****
% Storage System: v1 file storage mode.
% Internal Data Cache size:          4194304
% Internal Data Cache max cell size: 8192
% lookup_comparison_list = false
% read_only = false
% transaction_error_on_dirty_select = true
% ignore_case_for_identifiers = false
% Java NIO API is available.
% io_safety_level = 10
% Using stardard IO API for heap buffered file access.
% [Buffer Manager] Using IO API: Java IO
% [Buffer Manager] Page Size: 8192
% [Buffer Manager] Max pages: 256
% Using regex bridge: java.util.regexp
% No 'function_factories' config property found.
% statement_cache = true
% Max worker threads set to: 4
% Starting Database Server
> com.mckoi.database.V1FileStoreSystem ( lvl: 20 )
  File lock file exists: .\data\DefaultDatabase.lock
**** Debug log started: Wed Jan 07 20:44:34 ICT 2015 ****
% Storage System: v1 file storage mode.
% Internal Data Cache size:          4194304
% Internal Data Cache max cell size: 8192
% lookup_comparison_list = false
% read_only = false
% transaction_error_on_dirty_select = true
% ignore_case_for_identifiers = false
% Java NIO API is available.
% io_safety_level = 10
% Using stardard IO API for heap buffered file access.
% [Buffer Manager] Using IO API: Java IO
% [Buffer Manager] Page Size: 8192
% [Buffer Manager] Max pages: 256
% Using regex bridge: java.util.regexp
% No 'function_factories' config property found.
% statement_cache = true
% Max worker threads set to: 4
% Starting Database Server
> com.mckoi.database.V1FileStoreSystem ( lvl: 20 )
  File lock file exists: .\data\DefaultDatabase.lock
> com.mckoi.database.jdbcserver.JDBCDatabaseInterface ( lvl: 20 )
  Exception thrown during query processing on: [ Query:
[ INSERT INTO detiltrans VALUES(7, 'ABE007, 1) ]

]
[ TIME: Wed Jan 07 20:47:40 ICT 2015 ]
% com.mckoi.database.sql.TokenMgrError: Lexical error at line 1, column 45.  Encountered: <EOF> after : "\'ABE007, 1)"
	at com.mckoi.database.sql.SQLTokenManager.getNextToken(SQLTokenManager.java:4050)
	at com.mckoi.database.sql.SQL.jj_ntk(SQL.java:5980)
	at com.mckoi.database.sql.SQL.InsertElement(SQL.java:1609)
	at com.mckoi.database.sql.SQL.InsertExpressionList(SQL.java:1711)
	at com.mckoi.database.sql.SQL.InsertDataList(SQL.java:1727)
	at com.mckoi.database.sql.SQL.Insert(SQL.java:972)
	at com.mckoi.database.sql.SQL.Statement(SQL.java:183)
	at com.mckoi.database.interpret.SQLQueryExecutor.execute(SQLQueryExecutor.java:94)
	at com.mckoi.database.jdbcserver.AbstractJDBCDatabaseInterface.execQuery(AbstractJDBCDatabaseInterface.java:461)
	at com.mckoi.database.jdbcserver.JDBCDatabaseInterface.execQuery(JDBCDatabaseInterface.java:251)
	at com.mckoi.database.jdbcserver.JDBCProcessor.queryCommand(JDBCProcessor.java:352)
	at com.mckoi.database.jdbcserver.JDBCProcessor.processQuery(JDBCProcessor.java:293)
	at com.mckoi.database.jdbcserver.JDBCProcessor.processJDBCCommand(JDBCProcessor.java:196)
	at com.mckoi.database.jdbcserver.StreamJDBCServerConnection.processRequest(StreamJDBCServerConnection.java:137)
	at com.mckoi.database.jdbcserver.MultiThreadedConnectionPoolServer$ClientThread$1.run(MultiThreadedConnectionPoolServer.java:171)
	at com.mckoi.database.WorkerThread.run(WorkerThread.java:123)
**** Debug log started: Thu Jan 08 11:51:21 ICT 2015 ****
% Storage System: v1 file storage mode.
% Internal Data Cache size:          4194304
% Internal Data Cache max cell size: 8192
% lookup_comparison_list = false
% read_only = false
% transaction_error_on_dirty_select = true
% ignore_case_for_identifiers = false
% Java NIO API is available.
% io_safety_level = 10
% Using stardard IO API for heap buffered file access.
% [Buffer Manager] Using IO API: Java IO
% [Buffer Manager] Page Size: 8192
% [Buffer Manager] Max pages: 256
% Using regex bridge: java.util.regexp
% No 'function_factories' config property found.
% statement_cache = true
% Max worker threads set to: 4
% Starting Database Server
> com.mckoi.database.V1FileStoreSystem ( lvl: 20 )
  File lock file exists: .\data\DefaultDatabase.lock
> com.mckoi.database.jdbcserver.JDBCDatabaseInterface ( lvl: 20 )
  Exception thrown during query processing on: [ Query:
[ DELETE FROM products WHERE idproducts= 'asdas'  ]

]
[ TIME: Thu Jan 08 16:22:48 ICT 2015 ]
% com.mckoi.database.DatabaseConstraintViolationException: Immediate foreign key constraint violation on delete (fk_detiltrans_products) Columns = APP.detiltrans( idproducts ) -> APP.products( idproducts )
	at com.mckoi.database.MasterTableDataSource$MMutableTableDataSource.executeDeleteReferentialAction(MasterTableDataSource.java:1532)
	at com.mckoi.database.MasterTableDataSource$MMutableTableDataSource.constraintIntegrityCheck(MasterTableDataSource.java:1904)
	at com.mckoi.database.DataTable.delete(DataTable.java:367)
	at com.mckoi.database.interpret.Delete.evaluate(Delete.java:146)
	at com.mckoi.database.interpret.SQLQueryExecutor.execute(SQLQueryExecutor.java:147)
	at com.mckoi.database.jdbcserver.AbstractJDBCDatabaseInterface.execQuery(AbstractJDBCDatabaseInterface.java:461)
	at com.mckoi.database.jdbcserver.JDBCDatabaseInterface.execQuery(JDBCDatabaseInterface.java:251)
	at com.mckoi.database.jdbcserver.JDBCProcessor.queryCommand(JDBCProcessor.java:352)
	at com.mckoi.database.jdbcserver.JDBCProcessor.processQuery(JDBCProcessor.java:293)
	at com.mckoi.database.jdbcserver.JDBCProcessor.processJDBCCommand(JDBCProcessor.java:196)
	at com.mckoi.database.jdbcserver.StreamJDBCServerConnection.processRequest(StreamJDBCServerConnection.java:137)
	at com.mckoi.database.jdbcserver.MultiThreadedConnectionPoolServer$ClientThread$1.run(MultiThreadedConnectionPoolServer.java:171)
	at com.mckoi.database.WorkerThread.run(WorkerThread.java:123)
> com.mckoi.database.jdbcserver.JDBCDatabaseInterface ( lvl: 20 )
  Exception thrown during query processing on: [ Query:
[ INSERT INTO products VALUES('OIF069','obat','OIF',1000,1000) ]

]
[ TIME: Thu Jan 08 16:23:29 ICT 2015 ]
% com.mckoi.database.DatabaseConstraintViolationException: Immediate primary Key constraint violation (pk_products) Columns = ( idproducts ) Table = ( APP.products )
	at com.mckoi.database.TableDataConglomerate.checkAddConstraintViolations(TableDataConglomerate.java:1963)
	at com.mckoi.database.MasterTableDataSource$MMutableTableDataSource.constraintIntegrityCheck(MasterTableDataSource.java:1924)
	at com.mckoi.database.DataTable.add(DataTable.java:180)
	at com.mckoi.database.interpret.Insert.evaluate(Insert.java:261)
	at com.mckoi.database.interpret.SQLQueryExecutor.execute(SQLQueryExecutor.java:147)
	at com.mckoi.database.jdbcserver.AbstractJDBCDatabaseInterface.execQuery(AbstractJDBCDatabaseInterface.java:461)
	at com.mckoi.database.jdbcserver.JDBCDatabaseInterface.execQuery(JDBCDatabaseInterface.java:251)
	at com.mckoi.database.jdbcserver.JDBCProcessor.queryCommand(JDBCProcessor.java:352)
	at com.mckoi.database.jdbcserver.JDBCProcessor.processQuery(JDBCProcessor.java:293)
	at com.mckoi.database.jdbcserver.JDBCProcessor.processJDBCCommand(JDBCProcessor.java:196)
	at com.mckoi.database.jdbcserver.StreamJDBCServerConnection.processRequest(StreamJDBCServerConnection.java:137)
	at com.mckoi.database.jdbcserver.MultiThreadedConnectionPoolServer$ClientThread$1.run(MultiThreadedConnectionPoolServer.java:171)
	at com.mckoi.database.WorkerThread.run(WorkerThread.java:123)
> com.mckoi.database.jdbcserver.JDBCDatabaseInterface ( lvl: 20 )
  Exception thrown during query processing on: [ Query:
[ DELETE FROM products WHERE idproducts= 'asdas'  ]

]
[ TIME: Thu Jan 08 16:24:19 ICT 2015 ]
% com.mckoi.database.DatabaseConstraintViolationException: Immediate foreign key constraint violation on delete (fk_detiltrans_products) Columns = APP.detiltrans( idproducts ) -> APP.products( idproducts )
	at com.mckoi.database.MasterTableDataSource$MMutableTableDataSource.executeDeleteReferentialAction(MasterTableDataSource.java:1532)
	at com.mckoi.database.MasterTableDataSource$MMutableTableDataSource.constraintIntegrityCheck(MasterTableDataSource.java:1904)
	at com.mckoi.database.DataTable.delete(DataTable.java:367)
	at com.mckoi.database.interpret.Delete.evaluate(Delete.java:146)
	at com.mckoi.database.interpret.SQLQueryExecutor.execute(SQLQueryExecutor.java:147)
	at com.mckoi.database.jdbcserver.AbstractJDBCDatabaseInterface.execQuery(AbstractJDBCDatabaseInterface.java:461)
	at com.mckoi.database.jdbcserver.JDBCDatabaseInterface.execQuery(JDBCDatabaseInterface.java:251)
	at com.mckoi.database.jdbcserver.JDBCProcessor.queryCommand(JDBCProcessor.java:352)
	at com.mckoi.database.jdbcserver.JDBCProcessor.processQuery(JDBCProcessor.java:293)
	at com.mckoi.database.jdbcserver.JDBCProcessor.processJDBCCommand(JDBCProcessor.java:196)
	at com.mckoi.database.jdbcserver.StreamJDBCServerConnection.processRequest(StreamJDBCServerConnection.java:137)
	at com.mckoi.database.jdbcserver.MultiThreadedConnectionPoolServer$ClientThread$1.run(MultiThreadedConnectionPoolServer.java:171)
	at com.mckoi.database.WorkerThread.run(WorkerThread.java:123)
> com.mckoi.database.jdbcserver.JDBCDatabaseInterface ( lvl: 20 )
  Exception thrown during query processing on: [ Query:
[ INSERT INTO products VALUES('ABE007','asg','ABE',1000,1000) ]

]
[ TIME: Thu Jan 08 16:26:21 ICT 2015 ]
% com.mckoi.database.DatabaseConstraintViolationException: Immediate primary Key constraint violation (pk_products) Columns = ( idproducts ) Table = ( APP.products )
	at com.mckoi.database.TableDataConglomerate.checkAddConstraintViolations(TableDataConglomerate.java:1963)
	at com.mckoi.database.MasterTableDataSource$MMutableTableDataSource.constraintIntegrityCheck(MasterTableDataSource.java:1924)
	at com.mckoi.database.DataTable.add(DataTable.java:180)
	at com.mckoi.database.interpret.Insert.evaluate(Insert.java:261)
	at com.mckoi.database.interpret.SQLQueryExecutor.execute(SQLQueryExecutor.java:147)
	at com.mckoi.database.jdbcserver.AbstractJDBCDatabaseInterface.execQuery(AbstractJDBCDatabaseInterface.java:461)
	at com.mckoi.database.jdbcserver.JDBCDatabaseInterface.execQuery(JDBCDatabaseInterface.java:251)
	at com.mckoi.database.jdbcserver.JDBCProcessor.queryCommand(JDBCProcessor.java:352)
	at com.mckoi.database.jdbcserver.JDBCProcessor.processQuery(JDBCProcessor.java:293)
	at com.mckoi.database.jdbcserver.JDBCProcessor.processJDBCCommand(JDBCProcessor.java:196)
	at com.mckoi.database.jdbcserver.StreamJDBCServerConnection.processRequest(StreamJDBCServerConnection.java:137)
	at com.mckoi.database.jdbcserver.MultiThreadedConnectionPoolServer$ClientThread$1.run(MultiThreadedConnectionPoolServer.java:171)
	at com.mckoi.database.WorkerThread.run(WorkerThread.java:123)
> com.mckoi.database.jdbcserver.JDBCDatabaseInterface ( lvl: 20 )
  Exception thrown during query processing on: [ Query:
[ INSERT INTO products VALUES('asf','asf','ABE',2535,2535) ]

]
[ TIME: Thu Jan 08 19:26:39 ICT 2015 ]
% com.mckoi.database.DatabaseConstraintViolationException: Immediate primary Key constraint violation (pk_products) Columns = ( idproducts ) Table = ( APP.products )
	at com.mckoi.database.TableDataConglomerate.checkAddConstraintViolations(TableDataConglomerate.java:1963)
	at com.mckoi.database.MasterTableDataSource$MMutableTableDataSource.constraintIntegrityCheck(MasterTableDataSource.java:1924)
	at com.mckoi.database.DataTable.add(DataTable.java:180)
	at com.mckoi.database.interpret.Insert.evaluate(Insert.java:261)
	at com.mckoi.database.interpret.SQLQueryExecutor.execute(SQLQueryExecutor.java:147)
	at com.mckoi.database.jdbcserver.AbstractJDBCDatabaseInterface.execQuery(AbstractJDBCDatabaseInterface.java:461)
	at com.mckoi.database.jdbcserver.JDBCDatabaseInterface.execQuery(JDBCDatabaseInterface.java:251)
	at com.mckoi.database.jdbcserver.JDBCProcessor.queryCommand(JDBCProcessor.java:352)
	at com.mckoi.database.jdbcserver.JDBCProcessor.processQuery(JDBCProcessor.java:293)
	at com.mckoi.database.jdbcserver.JDBCProcessor.processJDBCCommand(JDBCProcessor.java:196)
	at com.mckoi.database.jdbcserver.StreamJDBCServerConnection.processRequest(StreamJDBCServerConnection.java:137)
	at com.mckoi.database.jdbcserver.MultiThreadedConnectionPoolServer$ClientThread$1.run(MultiThreadedConnectionPoolServer.java:171)
	at com.mckoi.database.WorkerThread.run(WorkerThread.java:123)
**** Debug log started: Fri Jan 09 13:15:14 ICT 2015 ****
% Storage System: v1 file storage mode.
% Internal Data Cache size:          4194304
% Internal Data Cache max cell size: 8192
% lookup_comparison_list = false
% read_only = false
% transaction_error_on_dirty_select = true
% ignore_case_for_identifiers = false
% Java NIO API is available.
% io_safety_level = 10
% Using stardard IO API for heap buffered file access.
% [Buffer Manager] Using IO API: Java IO
% [Buffer Manager] Page Size: 8192
% [Buffer Manager] Max pages: 256
% Using regex bridge: java.util.regexp
% No 'function_factories' config property found.
% statement_cache = true
% Max worker threads set to: 4
% Starting Database Server
> com.mckoi.database.V1FileStoreSystem ( lvl: 20 )
  File lock file exists: .\data\DefaultDatabase.lock
**** Debug log started: Fri Jan 09 13:18:39 ICT 2015 ****
% Storage System: v1 file storage mode.
% Internal Data Cache size:          4194304
% Internal Data Cache max cell size: 8192
% lookup_comparison_list = false
% read_only = false
% transaction_error_on_dirty_select = true
% ignore_case_for_identifiers = false
% Java NIO API is available.
% io_safety_level = 10
% Using stardard IO API for heap buffered file access.
% [Buffer Manager] Using IO API: Java IO
% [Buffer Manager] Page Size: 8192
% [Buffer Manager] Max pages: 256
% Using regex bridge: java.util.regexp
% No 'function_factories' config property found.
% statement_cache = true
% Max worker threads set to: 4
% Starting Database Server
> com.mckoi.database.V1FileStoreSystem ( lvl: 20 )
  File lock file exists: .\data\DefaultDatabase.lock
**** Debug log started: Sat Jan 10 12:14:03 ICT 2015 ****
% Storage System: v1 file storage mode.
% Internal Data Cache size:          4194304
% Internal Data Cache max cell size: 8192
% lookup_comparison_list = false
% read_only = false
% transaction_error_on_dirty_select = true
% ignore_case_for_identifiers = false
% Java NIO API is available.
% io_safety_level = 10
% Using stardard IO API for heap buffered file access.
% [Buffer Manager] Using IO API: Java IO
% [Buffer Manager] Page Size: 8192
% [Buffer Manager] Max pages: 256
% Using regex bridge: java.util.regexp
% No 'function_factories' config property found.
% statement_cache = true
% Max worker threads set to: 4
% Starting Database Server
> com.mckoi.database.V1FileStoreSystem ( lvl: 20 )
  File lock file exists: .\data\DefaultDatabase.lock
**** Debug log started: Sun Jan 11 14:57:09 ICT 2015 ****
% Storage System: v1 file storage mode.
% Internal Data Cache size:          4194304
% Internal Data Cache max cell size: 8192
% lookup_comparison_list = false
% read_only = false
% transaction_error_on_dirty_select = true
% ignore_case_for_identifiers = false
% Java NIO API is available.
% io_safety_level = 10
% Using stardard IO API for heap buffered file access.
% [Buffer Manager] Using IO API: Java IO
% [Buffer Manager] Page Size: 8192
% [Buffer Manager] Max pages: 256
% Using regex bridge: java.util.regexp
% No 'function_factories' config property found.
% statement_cache = true
% Max worker threads set to: 4
% Starting Database Server
> com.mckoi.database.V1FileStoreSystem ( lvl: 20 )
  File lock file exists: .\data\DefaultDatabase.lock
